Thu Jul 19 2018 13:57:56 GMT+0900 (JST): GET /
Thu Jul 19 2018 13:58:27 GMT+0900 (JST): GET /
Thu Jul 19 2018 13:58:28 GMT+0900 (JST): GET /todos
Thu Jul 19 2018 13:58:29 GMT+0900 (JST): GET /
Thu Jul 19 2018 13:58:29 GMT+0900 (JST): GET /todos
Thu Jul 19 2018 13:58:30 GMT+0900 (JST): GET /todos/5b4db0928446270a5bdee2d8
Thu Jul 19 2018 14:00:18 GMT+0900 (JST): GET /todos
Thu Jul 19 2018 14:00:19 GMT+0900 (JST): GET /todos
Thu Jul 19 2018 14:00:20 GMT+0900 (JST): GET /
Thu Jul 19 2018 14:00:21 GMT+0900 (JST): GET /todos
Thu Jul 19 2018 14:00:37 GMT+0900 (JST): GET /todos
Thu Jul 19 2018 14:00:38 GMT+0900 (JST): GET /todos
Thu Jul 19 2018 14:00:42 GMT+0900 (JST): GET /
Thu Jul 19 2018 14:00:44 GMT+0900 (JST): GET /todos
Thu Jul 19 2018 14:00:57 GMT+0900 (JST): GET /todos/5b4db0928446270a5bdee2d8
Thu Jul 19 2018 14:01:13 GMT+0900 (JST): GET /todos
Thu Jul 19 2018 14:01:14 GMT+0900 (JST): GET /todos
Thu Jul 19 2018 14:01:15 GMT+0900 (JST): GET /
Thu Jul 19 2018 14:01:16 GMT+0900 (JST): GET /todos
Thu Jul 19 2018 14:02:37 GMT+0900 (JST): GET /todos
Thu Jul 19 2018 14:02:39 GMT+0900 (JST): GET /todos/5b4db0928446270a5bdee2d8
Thu Jul 19 2018 14:03:52 GMT+0900 (JST): GET /todos
Thu Jul 19 2018 14:04:04 GMT+0900 (JST): GET /todos
Thu Jul 19 2018 14:07:07 GMT+0900 (JST): GET /todos
Thu Jul 19 2018 14:07:20 GMT+0900 (JST): GET /todos
Thu Jul 19 2018 14:07:21 GMT+0900 (JST): GET /create
Thu Jul 19 2018 14:12:13 GMT+0900 (JST): GET /todos
Thu Jul 19 2018 14:12:13 GMT+0900 (JST): GET /create
Thu Jul 19 2018 14:14:47 GMT+0900 (JST): GET /todos
Thu Jul 19 2018 14:14:50 GMT+0900 (JST): GET /create
Thu Jul 19 2018 14:15:10 GMT+0900 (JST): GET /todos/create
Thu Jul 19 2018 14:16:48 GMT+0900 (JST): GET /todos/create
Thu Jul 19 2018 14:16:49 GMT+0900 (JST): GET /todos
Thu Jul 19 2018 14:16:51 GMT+0900 (JST): GET /
Thu Jul 19 2018 14:16:51 GMT+0900 (JST): GET /todos
Thu Jul 19 2018 14:16:53 GMT+0900 (JST): GET /
Thu Jul 19 2018 14:16:54 GMT+0900 (JST): GET /
Thu Jul 19 2018 14:16:54 GMT+0900 (JST): GET /todos
Thu Jul 19 2018 14:16:55 GMT+0900 (JST): GET /todos/create
Thu Jul 19 2018 14:16:57 GMT+0900 (JST): GET /todos
Thu Jul 19 2018 14:17:25 GMT+0900 (JST): GET /todos/create
Thu Jul 19 2018 14:20:26 GMT+0900 (JST): GET /todos
Thu Jul 19 2018 14:20:27 GMT+0900 (JST): GET /todos/create
Thu Jul 19 2018 14:21:10 GMT+0900 (JST): GET /todos/create
Thu Jul 19 2018 14:21:21 GMT+0900 (JST): GET /todos/create
Thu Jul 19 2018 14:21:23 GMT+0900 (JST): POST /todos/create.html
Thu Jul 19 2018 14:21:35 GMT+0900 (JST): POST /todos/create.html
Thu Jul 19 2018 14:22:14 GMT+0900 (JST): GET /todos/create
Thu Jul 19 2018 14:22:28 GMT+0900 (JST): GET /todos/create
Thu Jul 19 2018 14:22:32 GMT+0900 (JST): GET /todos
Thu Jul 19 2018 14:22:33 GMT+0900 (JST): GET /
Thu Jul 19 2018 14:22:34 GMT+0900 (JST): GET /todos
Thu Jul 19 2018 14:22:35 GMT+0900 (JST): GET /todos/create
Thu Jul 19 2018 14:22:35 GMT+0900 (JST): GET /todos
Thu Jul 19 2018 14:22:36 GMT+0900 (JST): GET /todos/create
Thu Jul 19 2018 14:22:37 GMT+0900 (JST): GET /todos
Thu Jul 19 2018 14:22:38 GMT+0900 (JST): GET /todos/create
Thu Jul 19 2018 14:22:38 GMT+0900 (JST): GET /todos
Thu Jul 19 2018 14:22:39 GMT+0900 (JST): GET /
Thu Jul 19 2018 14:22:40 GMT+0900 (JST): GET /todos
Thu Jul 19 2018 14:22:41 GMT+0900 (JST): GET /todos/create
Thu Jul 19 2018 14:22:42 GMT+0900 (JST): GET /todos
Thu Jul 19 2018 14:22:44 GMT+0900 (JST): GET /todos/create
Thu Jul 19 2018 14:23:36 GMT+0900 (JST): GET /todos/create
Thu Jul 19 2018 14:24:46 GMT+0900 (JST): GET /todos
Thu Jul 19 2018 14:29:39 GMT+0900 (JST): GET /todos
Thu Jul 19 2018 14:35:39 GMT+0900 (JST): GET /todos
Thu Jul 19 2018 14:36:15 GMT+0900 (JST): GET /todos
Thu Jul 19 2018 14:39:30 GMT+0900 (JST): GET /todos
Thu Jul 19 2018 14:40:03 GMT+0900 (JST): GET /todos
Thu Jul 19 2018 14:41:25 GMT+0900 (JST): GET /todos
Thu Jul 19 2018 14:42:02 GMT+0900 (JST): GET /todos
Thu Jul 19 2018 14:43:06 GMT+0900 (JST): GET /todos/create
Thu Jul 19 2018 14:48:52 GMT+0900 (JST): GET /todos/create
Thu Jul 19 2018 14:49:03 GMT+0900 (JST): POST /todos/save
Thu Jul 19 2018 14:50:54 GMT+0900 (JST): POST /todos/save
Thu Jul 19 2018 14:51:12 GMT+0900 (JST): POST /todos/save
Thu Jul 19 2018 14:51:57 GMT+0900 (JST): POST /todos/save
Thu Jul 19 2018 14:52:31 GMT+0900 (JST): POST /todos/save
Thu Jul 19 2018 14:54:57 GMT+0900 (JST): POST /todos/save
Thu Jul 19 2018 14:58:03 GMT+0900 (JST): POST /todos/save
Thu Jul 19 2018 14:58:32 GMT+0900 (JST): POST /todos/save
Thu Jul 19 2018 14:58:36 GMT+0900 (JST): POST /todos/save
Thu Jul 19 2018 15:00:47 GMT+0900 (JST): POST /todos/save
Thu Jul 19 2018 15:02:40 GMT+0900 (JST): POST /todos/save
Thu Jul 19 2018 15:03:09 GMT+0900 (JST): POST /todos/save
Thu Jul 19 2018 15:03:27 GMT+0900 (JST): GET /
Thu Jul 19 2018 15:03:39 GMT+0900 (JST): GET /todos/create
Thu Jul 19 2018 15:03:44 GMT+0900 (JST): POST /todos/save
Thu Jul 19 2018 15:04:11 GMT+0900 (JST): POST /todos/save
Thu Jul 19 2018 15:04:11 GMT+0900 (JST): GET /todos
Thu Jul 19 2018 15:12:43 GMT+0900 (JST): GET /
Thu Jul 19 2018 15:12:45 GMT+0900 (JST): GET /todos
Thu Jul 19 2018 15:12:46 GMT+0900 (JST): GET /todos/5b4db0928446270a5bdee2d8
Thu Jul 19 2018 15:13:21 GMT+0900 (JST): GET /todos/5b4db0928446270a5bdee2d8
Thu Jul 19 2018 15:13:30 GMT+0900 (JST): GET /todos
Thu Jul 19 2018 15:13:31 GMT+0900 (JST): GET /todos/5b4db0928446270a5bdee2d8
Thu Jul 19 2018 15:25:34 GMT+0900 (JST): GET /
Thu Jul 19 2018 15:25:35 GMT+0900 (JST): GET /todos
Thu Jul 19 2018 15:25:37 GMT+0900 (JST): GET /todos/create
Thu Jul 19 2018 15:25:38 GMT+0900 (JST): GET /todos
Thu Jul 19 2018 15:25:56 GMT+0900 (JST): GET /
Thu Jul 19 2018 15:25:57 GMT+0900 (JST): GET /todos
Thu Jul 19 2018 15:25:58 GMT+0900 (JST): GET /todos/create
Thu Jul 19 2018 15:25:59 GMT+0900 (JST): GET /todos/create
Thu Jul 19 2018 15:26:00 GMT+0900 (JST): GET /todos
Thu Jul 19 2018 15:26:03 GMT+0900 (JST): GET /todos/5b5029db27fe3a066a079566/delete
Thu Jul 19 2018 15:26:03 GMT+0900 (JST): GET /todos
Thu Jul 19 2018 15:26:20 GMT+0900 (JST): GET /todos/5b4dba721885f80ae1ab7434/delete
Thu Jul 19 2018 15:26:20 GMT+0900 (JST): GET /todos
Thu Jul 19 2018 15:26:23 GMT+0900 (JST): GET /todos/5b4dc3a82f13130b17cbd8e1/delete
Thu Jul 19 2018 15:26:23 GMT+0900 (JST): GET /todos
Thu Jul 19 2018 15:26:27 GMT+0900 (JST): GET /todos/5b4db9be1885f80ae1ab7433/delete
Thu Jul 19 2018 15:26:27 GMT+0900 (JST): GET /todos
Thu Jul 19 2018 15:26:29 GMT+0900 (JST): GET /todos/5b4db1738446270a5bdee2d9/delete
Thu Jul 19 2018 15:26:29 GMT+0900 (JST): GET /todos
Thu Jul 19 2018 15:26:32 GMT+0900 (JST): GET /todos/5b4db0928446270a5bdee2d8/delete
Thu Jul 19 2018 15:26:32 GMT+0900 (JST): GET /todos
Thu Jul 19 2018 15:26:34 GMT+0900 (JST): GET /todos/create
Thu Jul 19 2018 15:26:49 GMT+0900 (JST): POST /todos/save
Thu Jul 19 2018 15:26:49 GMT+0900 (JST): GET /todos
Thu Jul 19 2018 15:26:52 GMT+0900 (JST): GET /todos/5b502f2925c99606f4b8f16d/delete
Thu Jul 19 2018 15:26:52 GMT+0900 (JST): GET /todos
Thu Jul 19 2018 15:27:41 GMT+0900 (JST): GET /
Thu Jul 19 2018 15:27:41 GMT+0900 (JST): GET /
Thu Jul 19 2018 15:27:42 GMT+0900 (JST): GET /todos/create
Thu Jul 19 2018 15:27:45 GMT+0900 (JST): POST /todos/save
Thu Jul 19 2018 15:27:45 GMT+0900 (JST): GET /todos
Thu Jul 19 2018 15:27:46 GMT+0900 (JST): GET /todos/create
Thu Jul 19 2018 15:27:49 GMT+0900 (JST): POST /todos/save
Thu Jul 19 2018 15:27:49 GMT+0900 (JST): GET /todos
Thu Jul 19 2018 15:28:36 GMT+0900 (JST): GET /todos/create
Thu Jul 19 2018 15:28:38 GMT+0900 (JST): POST /todos/save
Thu Jul 19 2018 15:28:38 GMT+0900 (JST): GET /todos
Thu Jul 19 2018 15:29:11 GMT+0900 (JST): GET /todos
Thu Jul 19 2018 15:29:13 GMT+0900 (JST): GET /todos
Thu Jul 19 2018 15:29:14 GMT+0900 (JST): GET /todos/create
Thu Jul 19 2018 15:29:16 GMT+0900 (JST): POST /todos/save
Thu Jul 19 2018 15:29:16 GMT+0900 (JST): GET /todos
Thu Jul 19 2018 15:29:21 GMT+0900 (JST): GET /todos/5b502fbc3d048c070912ed48/delete
Thu Jul 19 2018 15:29:21 GMT+0900 (JST): GET /todos
Thu Jul 19 2018 15:29:41 GMT+0900 (JST): GET /todos
Thu Jul 19 2018 15:29:42 GMT+0900 (JST): GET /todos/5b502f612dcfe806fc34f156/delete
Thu Jul 19 2018 15:29:42 GMT+0900 (JST): GET /todos
Thu Jul 19 2018 15:29:45 GMT+0900 (JST): GET /todos/5b502f652dcfe806fc34f157/delete
Thu Jul 19 2018 15:29:45 GMT+0900 (JST): GET /todos
Thu Jul 19 2018 15:29:45 GMT+0900 (JST): GET /todos/5b502f962e12520701104f85/delete
Thu Jul 19 2018 15:29:45 GMT+0900 (JST): GET /todos
Thu Jul 19 2018 15:29:59 GMT+0900 (JST): GET /todos/create
Thu Jul 19 2018 15:30:00 GMT+0900 (JST): POST /todos/save
Thu Jul 19 2018 15:30:00 GMT+0900 (JST): GET /todos
Thu Jul 19 2018 15:30:26 GMT+0900 (JST): GET /todos/create
Thu Jul 19 2018 15:30:28 GMT+0900 (JST): POST /todos/save
Thu Jul 19 2018 15:30:28 GMT+0900 (JST): GET /todos
Thu Jul 19 2018 15:30:57 GMT+0900 (JST): GET /todos/5b502fe8a9c551071118ce5d/update
Thu Jul 19 2018 15:41:24 GMT+0900 (JST): GET /todos
Thu Jul 19 2018 15:41:25 GMT+0900 (JST): GET /todos/5b502fe8a9c551071118ce5d
Thu Jul 19 2018 15:41:41 GMT+0900 (JST): GET /todos/5b502fe8a9c551071118ce5d
Thu Jul 19 2018 15:42:21 GMT+0900 (JST): GET /todos/5b502fe8a9c551071118ce5d
Thu Jul 19 2018 15:42:24 GMT+0900 (JST): GET /todos
Thu Jul 19 2018 15:42:25 GMT+0900 (JST): GET /todos/5b503004a3fcf907160aed33
Thu Jul 19 2018 15:44:08 GMT+0900 (JST): GET /todos
Thu Jul 19 2018 15:44:09 GMT+0900 (JST): GET /todos/5b502fe8a9c551071118ce5d
Thu Jul 19 2018 15:44:23 GMT+0900 (JST): GET /todos/5b502fe8a9c551071118ce5d
Thu Jul 19 2018 15:45:01 GMT+0900 (JST): GET /todos/5b502fe8a9c551071118ce5d
Thu Jul 19 2018 15:45:05 GMT+0900 (JST): POST /todos/5b502fe8a9c551071118ce5d/update
Thu Jul 19 2018 15:45:25 GMT+0900 (JST): GET /todos/5b502fe8a9c551071118ce5d/delete
Thu Jul 19 2018 15:45:25 GMT+0900 (JST): GET /todos
Thu Jul 19 2018 15:45:25 GMT+0900 (JST): GET /todos/5b503004a3fcf907160aed33/delete
Thu Jul 19 2018 15:45:25 GMT+0900 (JST): GET /todos
Thu Jul 19 2018 15:45:27 GMT+0900 (JST): GET /todos/create
Thu Jul 19 2018 15:45:32 GMT+0900 (JST): POST /todos/save
Thu Jul 19 2018 15:45:32 GMT+0900 (JST): GET /todos
Thu Jul 19 2018 15:45:34 GMT+0900 (JST): GET /todos/5b50338c143c75074cf88b7b
Thu Jul 19 2018 15:45:45 GMT+0900 (JST): POST /todos/5b50338c143c75074cf88b7b/update
Thu Jul 19 2018 15:45:45 GMT+0900 (JST): GET /todos
Thu Jul 19 2018 15:45:48 GMT+0900 (JST): GET /todos/5b50338c143c75074cf88b7b
Thu Jul 19 2018 15:45:51 GMT+0900 (JST): POST /todos/5b50338c143c75074cf88b7b/update
Thu Jul 19 2018 15:45:51 GMT+0900 (JST): GET /todos
Thu Jul 19 2018 15:51:41 GMT+0900 (JST): GET /todos/5b50338c143c75074cf88b7b/delete
Thu Jul 19 2018 15:51:41 GMT+0900 (JST): GET /todos
Thu Jul 19 2018 15:51:43 GMT+0900 (JST): GET /todos/create
Thu Jul 19 2018 15:51:47 GMT+0900 (JST): POST /todos/save
Thu Jul 19 2018 15:51:47 GMT+0900 (JST): GET /todos
Thu Jul 19 2018 15:51:48 GMT+0900 (JST): GET /todos/5b503503143c75074cf88b7c
Thu Jul 19 2018 15:51:52 GMT+0900 (JST): POST /todos/5b503503143c75074cf88b7c/update
Thu Jul 19 2018 15:51:52 GMT+0900 (JST): GET /todos
Thu Jul 19 2018 15:56:57 GMT+0900 (JST): GET /todos
Thu Jul 19 2018 15:56:58 GMT+0900 (JST): GET /todos/5b503503143c75074cf88b7c
Thu Jul 19 2018 15:58:45 GMT+0900 (JST): GET /todos/5b503503143c75074cf88b7c
Thu Jul 19 2018 15:58:50 GMT+0900 (JST): POST /todos/5b503503143c75074cf88b7c/update
Thu Jul 19 2018 15:58:50 GMT+0900 (JST): GET /todos
Thu Jul 19 2018 16:03:16 GMT+0900 (JST): GET /todos
Thu Jul 19 2018 16:03:17 GMT+0900 (JST): GET /todos/5b503503143c75074cf88b7c
Thu Jul 19 2018 16:03:20 GMT+0900 (JST): POST /todos/5b503503143c75074cf88b7c/update
Thu Jul 19 2018 16:03:20 GMT+0900 (JST): GET /todos
Thu Jul 19 2018 16:04:07 GMT+0900 (JST): GET /todos
Thu Jul 19 2018 16:04:09 GMT+0900 (JST): GET /todos/5b503503143c75074cf88b7c
Thu Jul 19 2018 16:04:11 GMT+0900 (JST): POST /todos/5b503503143c75074cf88b7c/update
Thu Jul 19 2018 16:04:11 GMT+0900 (JST): GET /todos
Thu Jul 19 2018 16:04:38 GMT+0900 (JST): GET /todos/5b503503143c75074cf88b7c
Thu Jul 19 2018 16:04:39 GMT+0900 (JST): POST /todos/5b503503143c75074cf88b7c/update
Thu Jul 19 2018 16:04:39 GMT+0900 (JST): GET /todos
Thu Jul 19 2018 16:04:42 GMT+0900 (JST): GET /todos/5b503503143c75074cf88b7c
Thu Jul 19 2018 16:04:44 GMT+0900 (JST): POST /todos/5b503503143c75074cf88b7c/update
Thu Jul 19 2018 16:04:44 GMT+0900 (JST): GET /todos
Thu Jul 19 2018 16:04:48 GMT+0900 (JST): GET /todos/5b503503143c75074cf88b7c
Thu Jul 19 2018 16:04:52 GMT+0900 (JST): POST /todos/5b503503143c75074cf88b7c/update
Thu Jul 19 2018 16:04:52 GMT+0900 (JST): GET /todos
Thu Jul 19 2018 16:04:53 GMT+0900 (JST): GET /todos/5b503503143c75074cf88b7c
Thu Jul 19 2018 16:04:55 GMT+0900 (JST): POST /todos/5b503503143c75074cf88b7c/update
Thu Jul 19 2018 16:04:55 GMT+0900 (JST): GET /todos
Thu Jul 19 2018 16:05:09 GMT+0900 (JST): GET /todos/5b503503143c75074cf88b7c
Thu Jul 19 2018 16:05:12 GMT+0900 (JST): POST /todos/5b503503143c75074cf88b7c/update
Thu Jul 19 2018 16:05:12 GMT+0900 (JST): GET /todos
Thu Jul 19 2018 16:05:18 GMT+0900 (JST): GET /todos/5b503503143c75074cf88b7c
Thu Jul 19 2018 16:05:19 GMT+0900 (JST): POST /todos/5b503503143c75074cf88b7c/update
Thu Jul 19 2018 16:05:19 GMT+0900 (JST): GET /todos
Thu Jul 19 2018 16:05:20 GMT+0900 (JST): GET /todos/5b503503143c75074cf88b7c
Thu Jul 19 2018 16:05:22 GMT+0900 (JST): POST /todos/5b503503143c75074cf88b7c/update
Thu Jul 19 2018 16:05:22 GMT+0900 (JST): GET /todos
Thu Jul 19 2018 16:05:28 GMT+0900 (JST): GET /todos/5b503503143c75074cf88b7c
Thu Jul 19 2018 16:05:29 GMT+0900 (JST): POST /todos/5b503503143c75074cf88b7c/update
Thu Jul 19 2018 16:05:29 GMT+0900 (JST): GET /todos
Thu Jul 19 2018 16:07:08 GMT+0900 (JST): GET /todos
Thu Jul 19 2018 16:07:10 GMT+0900 (JST): GET /todos/5b503503143c75074cf88b7c
Thu Jul 19 2018 16:07:12 GMT+0900 (JST): POST /todos/5b503503143c75074cf88b7c/update
Thu Jul 19 2018 16:07:12 GMT+0900 (JST): GET /todos
Thu Jul 19 2018 16:07:23 GMT+0900 (JST): GET /todos/5b503503143c75074cf88b7c
Thu Jul 19 2018 16:07:25 GMT+0900 (JST): POST /todos/5b503503143c75074cf88b7c/update
Thu Jul 19 2018 16:07:25 GMT+0900 (JST): GET /todos
Thu Jul 19 2018 16:07:34 GMT+0900 (JST): GET /todos
Thu Jul 19 2018 16:07:36 GMT+0900 (JST): GET /todos/5b503503143c75074cf88b7c/delete
Thu Jul 19 2018 16:07:36 GMT+0900 (JST): GET /todos
Thu Jul 19 2018 16:07:38 GMT+0900 (JST): GET /todos/create
Thu Jul 19 2018 16:07:42 GMT+0900 (JST): POST /todos/save
Thu Jul 19 2018 16:07:42 GMT+0900 (JST): GET /todos
Thu Jul 19 2018 16:07:43 GMT+0900 (JST): GET /todos/5b5038be34861a07ae41040b
Thu Jul 19 2018 16:07:51 GMT+0900 (JST): POST /todos/5b5038be34861a07ae41040b/update
Thu Jul 19 2018 16:07:51 GMT+0900 (JST): GET /todos
Thu Jul 19 2018 16:07:55 GMT+0900 (JST): GET /todos
Thu Jul 19 2018 16:07:55 GMT+0900 (JST): GET /todos/create
Thu Jul 19 2018 16:07:56 GMT+0900 (JST): GET /
Thu Jul 19 2018 16:08:43 GMT+0900 (JST): GET /todos
Thu Jul 19 2018 17:26:49 GMT+0900 (JST): GET /
Thu Jul 19 2018 17:26:51 GMT+0900 (JST): GET /todos
Thu Jul 19 2018 17:26:52 GMT+0900 (JST): GET /
Thu Jul 19 2018 17:26:52 GMT+0900 (JST): GET /todos
Thu Jul 19 2018 17:26:53 GMT+0900 (JST): GET /todos/create
Thu Jul 19 2018 17:26:54 GMT+0900 (JST): GET /todos
Thu Jul 19 2018 17:26:54 GMT+0900 (JST): GET /
Thu Jul 19 2018 17:26:55 GMT+0900 (JST): GET /todos
Thu Jul 19 2018 17:26:55 GMT+0900 (JST): GET /todos/create
Thu Jul 19 2018 17:26:56 GMT+0900 (JST): GET /todos
Thu Jul 19 2018 17:26:56 GMT+0900 (JST): GET /
Thu Jul 19 2018 17:26:57 GMT+0900 (JST): GET /todos
Thu Jul 19 2018 17:31:02 GMT+0900 (JST): GET /
Thu Jul 19 2018 17:31:04 GMT+0900 (JST): GET /
Thu Jul 19 2018 17:31:04 GMT+0900 (JST): GET /todos/create
Thu Jul 19 2018 17:31:06 GMT+0900 (JST): POST /todos/save
Thu Jul 19 2018 17:31:06 GMT+0900 (JST): GET /
Thu Jul 19 2018 17:31:09 GMT+0900 (JST): GET /todos/5b5042e1e7d103096f4c9a5f
Thu Jul 19 2018 17:31:11 GMT+0900 (JST): POST /todos/5b5042e1e7d103096f4c9a5f/update
Thu Jul 19 2018 17:31:11 GMT+0900 (JST): GET /
Thu Jul 19 2018 17:31:13 GMT+0900 (JST): GET /todos/5b5042e1e7d103096f4c9a5f
Thu Jul 19 2018 17:31:16 GMT+0900 (JST): POST /todos/5b5042e1e7d103096f4c9a5f/update
Thu Jul 19 2018 17:31:16 GMT+0900 (JST): GET /
Thu Jul 19 2018 17:31:18 GMT+0900 (JST): GET /todos/5b5038be34861a07ae41040b
Thu Jul 19 2018 17:31:21 GMT+0900 (JST): POST /todos/5b5038be34861a07ae41040b/update
Thu Jul 19 2018 17:31:21 GMT+0900 (JST): GET /
